mode: set
github.com/jamesyang124/celeritas/celeritas.go:43.48,49.44 2 0
github.com/jamesyang124/celeritas/celeritas.go:49.44,51.3 1 0
github.com/jamesyang124/celeritas/celeritas.go:53.2,53.48 1 0
github.com/jamesyang124/celeritas/celeritas.go:53.48,55.3 1 0
github.com/jamesyang124/celeritas/celeritas.go:59.2,59.58 1 0
github.com/jamesyang124/celeritas/celeritas.go:59.58,61.3 1 0
github.com/jamesyang124/celeritas/celeritas.go:64.2,71.45 5 0
github.com/jamesyang124/celeritas/celeritas.go:71.45,73.3 1 0
github.com/jamesyang124/celeritas/celeritas.go:73.8,75.3 1 0
github.com/jamesyang124/celeritas/celeritas.go:77.2,108.12 7 0
github.com/jamesyang124/celeritas/celeritas.go:112.53,115.44 2 0
github.com/jamesyang124/celeritas/celeritas.go:115.44,116.66 1 0
github.com/jamesyang124/celeritas/celeritas.go:116.66,118.4 1 0
github.com/jamesyang124/celeritas/celeritas.go:121.2,121.12 1 0
github.com/jamesyang124/celeritas/celeritas.go:125.38,138.2 4 0
github.com/jamesyang124/celeritas/celeritas.go:140.56,143.16 2 0
github.com/jamesyang124/celeritas/celeritas.go:143.16,145.3 1 0
github.com/jamesyang124/celeritas/celeritas.go:147.2,147.12 1 0
github.com/jamesyang124/celeritas/celeritas.go:150.63,159.2 5 0
github.com/jamesyang124/celeritas/celeritas.go:163.36,172.2 2 0
github.com/jamesyang124/celeritas/helpers.go:10.62,11.49 1 0
github.com/jamesyang124/celeritas/helpers.go:11.49,12.50 1 0
github.com/jamesyang124/celeritas/helpers.go:12.50,14.4 1 0
github.com/jamesyang124/celeritas/helpers.go:17.2,17.12 1 0
github.com/jamesyang124/celeritas/helpers.go:20.63,21.49 1 0
github.com/jamesyang124/celeritas/helpers.go:21.49,23.17 2 0
github.com/jamesyang124/celeritas/helpers.go:23.17,26.4 2 0
github.com/jamesyang124/celeritas/helpers.go:29.3,29.29 1 0
github.com/jamesyang124/celeritas/helpers.go:29.29,32.4 2 0
github.com/jamesyang124/celeritas/helpers.go:35.2,35.12 1 0
github.com/jamesyang124/celeritas/middleware.go:5.65,9.2 2 0
github.com/jamesyang124/celeritas/routes.go:10.43,14.13 4 0
github.com/jamesyang124/celeritas/routes.go:14.13,16.3 1 0
github.com/jamesyang124/celeritas/routes.go:17.2,22.12 4 0
github.com/jamesyang124/celeritas/session/session.go:21.53,26.16 3 1
github.com/jamesyang124/celeritas/session/session.go:26.16,28.3 1 0
github.com/jamesyang124/celeritas/session/session.go:31.2,31.48 1 1
github.com/jamesyang124/celeritas/session/session.go:31.48,33.3 1 1
github.com/jamesyang124/celeritas/session/session.go:35.2,35.47 1 1
github.com/jamesyang124/celeritas/session/session.go:35.47,37.3 1 0
github.com/jamesyang124/celeritas/session/session.go:39.2,47.40 8 1
github.com/jamesyang124/celeritas/session/session.go:48.15,48.15 0 0
github.com/jamesyang124/celeritas/session/session.go:49.26,49.26 0 0
github.com/jamesyang124/celeritas/session/session.go:50.32,50.32 0 0
github.com/jamesyang124/celeritas/session/session.go:51.10,51.10 0 1
github.com/jamesyang124/celeritas/session/session.go:55.2,55.16 1 1
github.com/jamesyang124/celeritas/render/render.go:35.114,36.37 1 1
github.com/jamesyang124/celeritas/render/render.go:37.13,38.51 1 1
github.com/jamesyang124/celeritas/render/render.go:39.12,40.36 1 1
github.com/jamesyang124/celeritas/render/render.go:41.10,41.10 0 1
github.com/jamesyang124/celeritas/render/render.go:44.2,44.52 1 1
github.com/jamesyang124/celeritas/render/render.go:48.102,50.16 2 1
github.com/jamesyang124/celeritas/render/render.go:50.16,52.3 1 1
github.com/jamesyang124/celeritas/render/render.go:54.2,55.17 2 1
github.com/jamesyang124/celeritas/render/render.go:55.17,59.3 1 0
github.com/jamesyang124/celeritas/render/render.go:61.2,62.16 2 1
github.com/jamesyang124/celeritas/render/render.go:62.16,64.3 1 0
github.com/jamesyang124/celeritas/render/render.go:66.2,66.12 1 1
github.com/jamesyang124/celeritas/render/render.go:70.114,72.22 2 1
github.com/jamesyang124/celeritas/render/render.go:72.22,74.3 1 1
github.com/jamesyang124/celeritas/render/render.go:74.8,76.3 1 0
github.com/jamesyang124/celeritas/render/render.go:78.2,79.17 2 1
github.com/jamesyang124/celeritas/render/render.go:79.17,81.3 1 0
github.com/jamesyang124/celeritas/render/render.go:83.2,84.16 2 1
github.com/jamesyang124/celeritas/render/render.go:84.16,87.3 2 1
github.com/jamesyang124/celeritas/render/render.go:89.2,89.46 1 1
github.com/jamesyang124/celeritas/render/render.go:89.46,92.3 2 0
github.com/jamesyang124/celeritas/render/render.go:94.2,94.12 1 1
